<?xml version="1.0" encoding="UTF-8"?>
<!-- Generated by org.testng.reporters.JUnitXMLReporter -->
<testsuite ignored="0" hostname="LAPTOP-736EDNM6" failures="0" tests="6" name="Default test" time="9.415" errors="0" timestamp="2023-04-10T20:00:53 GMT-04:00">
  <testcase classname="Testcases" name="Test1" time="0.231"/>
  <testcase classname="Testcases" name="Test2" time="0.077"/>
  <testcase classname="Testcases" name="Test3" time="0.128"/>
  <testcase classname="Testcases" name="Test4" time="0.062"/>
  <testcase classname="Testcases" name="Test5" time="6.912"/>
  <testcase classname="Testcases" name="Test6" time="0.046"/>
</testsuite> <!-- Default test -->
